This file contains any messages produced by compilers while
running configure, to aid debugging if configure makes a mistake.

It was created by zok.c configure 1.0, which was
generated by GNU Autoconf 2.65.  Invocation command line was

  $ ./configure 

## --------- ##
## Platform. ##
## --------- ##

hostname = localhost
uname -m = x86_64
uname -r = 14.0.0
uname -s = Darwin
uname -v = Darwin Kernel Version 14.0.0: Fri Sep 19 00:26:44 PDT 2014; root:xnu-2782.1.97~2/RELEASE_X86_64

/usr/bin/uname -p = i386
/bin/uname -X     = unknown

/bin/arch              = unknown
/usr/bin/arch -k       = unknown
/usr/convex/getsysinfo = unknown
/usr/bin/hostinfo      = Mach kernel version:
	 Darwin Kernel Version 14.0.0: Fri Sep 19 00:26:44 PDT 2014; root:xnu-2782.1.97~2/RELEASE_X86_64
Kernel configured for up to 4 processors.
2 processors are physically available.
4 processors are logically available.
Processor type: x86_64h (Intel x86-64h Haswell)
Processors active: 0 1 2 3
Primary memory available: 8.00 gigabytes
Default processor set: 234 tasks, 1098 threads, 4 processors
Load average: 1.97, Mach factor: 2.04
/bin/machine           = unknown
/usr/bin/oslevel       = unknown
/bin/universe          = unknown

PATH: /usr/local/bin
PATH: /usr/bin
PATH: /bin
PATH: /usr/sbin
PATH: /sbin
PATH: /opt/X11/bin
PATH: /usr/local/go/bin
PATH: /usr/local/mysql/bin
PATH: /usr/local/autoconf/bin
PATH: /usr/local/go/bin
PATH: /usr/local/lua-5.2.3/src
PATH: /usr/local/mongodb/bin
PATH: /usr/local/sbin
PATH: /usr/local/mysql/bin
PATH: /usr/local/autoconf/bin
PATH: /usr/local/go/bin
PATH: /usr/local/lua-5.2.3/src
PATH: /usr/local/mongodb/bin
PATH: /usr/local/sbin
PATH: /usr/local/maven/bin


## ----------- ##
## Core tests. ##
## ----------- ##

configure:1784: checking for a BSD-compatible install
configure:1852: result: /usr/bin/install -c
configure:1863: checking whether build environment is sane
configure:1913: result: yes
configure:2054: checking for a thread-safe mkdir -p
configure:2093: result: ./install-sh -c -d
configure:2106: checking for gawk
configure:2136: result: no
configure:2106: checking for mawk
configure:2136: result: no
configure:2106: checking for nawk
configure:2136: result: no
configure:2106: checking for awk
configure:2122: found /usr/bin/awk
configure:2133: result: awk
configure:2144: checking whether make sets $(MAKE)
configure:2166: result: yes
configure:2296: checking for gcc
configure:2312: found /usr/bin/gcc
configure:2323: result: gcc
configure:2552: checking for C compiler version
configure:2561: gcc --version >&5
Apple LLVM version 6.0 (clang-600.0.54) (based on LLVM 3.5svn)
Target: x86_64-apple-darwin14.0.0
Thread model: posix
Configured with: --prefix=/Applications/Xcode.app/Contents/Developer/usr --with-gxx-include-dir=/Applications/Xcode.app/Contents/Developer/Platforms/MacOSX.platform/Developer/SDKs/MacOSX10.10.sdk/usr/include/c++/4.2.1
configure:2572: $? = 0
configure:2561: gcc -v >&5
Configured with: --prefix=/Applications/Xcode.app/Contents/Developer/usr --with-gxx-include-dir=/Applications/Xcode.app/Contents/Developer/Platforms/MacOSX.platform/Developer/SDKs/MacOSX10.10.sdk/usr/include/c++/4.2.1
Apple LLVM version 6.0 (clang-600.0.54) (based on LLVM 3.5svn)
Target: x86_64-apple-darwin14.0.0
Thread model: posix
configure:2572: $? = 0
configure:2561: gcc -V >&5
clang: error: argument to '-V' is missing (expected 1 value)
clang: error: no input files
configure:2572: $? = 1
configure:2561: gcc -qversion >&5
clang: error: unknown argument: '-qversion'
clang: error: no input files
configure:2572: $? = 1
configure:2592: checking whether the C compiler works
configure:2614: gcc    conftest.c  >&5
configure:2618: $? = 0
configure:2667: result: yes
configure:2670: checking for C compiler default output file name
configure:2672: result: a.out
configure:2678: checking for suffix of executables
configure:2685: gcc -o conftest    conftest.c  >&5
configure:2689: $? = 0
configure:2711: result: 
configure:2733: checking whether we are cross compiling
configure:2741: gcc -o conftest    conftest.c  >&5
configure:2745: $? = 0
configure:2752: ./conftest
configure:2756: $? = 0
configure:2771: result: no
configure:2776: checking for suffix of object files
configure:2798: gcc -c   conftest.c >&5
configure:2802: $? = 0
configure:2823: result: o
configure:2827: checking whether we are using the GNU C compiler
configure:2846: gcc -c   conftest.c >&5
configure:2846: $? = 0
configure:2855: result: yes
configure:2864: checking whether gcc accepts -g
configure:2884: gcc -c -g  conftest.c >&5
configure:2884: $? = 0
configure:2925: result: yes
configure:2942: checking for gcc option to accept ISO C89
configure:3006: gcc  -c -g -O2  conftest.c >&5
configure:3006: $? = 0
configure:3019: result: none needed
configure:3050: checking for style of include used by make
configure:3078: result: GNU
configure:3103: checking dependency style of gcc
configure:3213: result: gcc3
configure:3392: creating ./config.status

## ---------------------- ##
## Running config.status. ##
## ---------------------- ##

This file was extended by zok.c config.status 1.0, which was
generated by GNU Autoconf 2.65.  Invocation command line was

  CONFIG_FILES    = 
  CONFIG_HEADERS  = 
  CONFIG_LINKS    = 
  CONFIG_COMMANDS = 
  $ ./config.status 

on localhost

config.status:770: creating Makefile
config.status:933: executing depfiles commands

## ---------------- ##
## Cache variables. ##
## ---------------- ##

ac_cv_c_compiler_gnu=yes
ac_cv_env_CC_set=
ac_cv_env_CC_value=
ac_cv_env_CFLAGS_set=
ac_cv_env_CFLAGS_value=
ac_cv_env_CPPFLAGS_set=
ac_cv_env_CPPFLAGS_value=
ac_cv_env_LDFLAGS_set=
ac_cv_env_LDFLAGS_value=
ac_cv_env_LIBS_set=
ac_cv_env_LIBS_value=
ac_cv_env_build_alias_set=
ac_cv_env_build_alias_value=
ac_cv_env_host_alias_set=
ac_cv_env_host_alias_value=
ac_cv_env_target_alias_set=
ac_cv_env_target_alias_value=
ac_cv_objext=o
ac_cv_path_install='/usr/bin/install -c'
ac_cv_prog_AWK=awk
ac_cv_prog_ac_ct_CC=gcc
ac_cv_prog_cc_c89=
ac_cv_prog_cc_g=yes
ac_cv_prog_make_make_set=yes
am_cv_CC_dependencies_compiler_type=gcc3

## ----------------- ##
## Output variables. ##
## ----------------- ##

ACLOCAL='${SHELL} /Users/ruansheng/ClionProjects/zok/zok/missing --run aclocal-1.11'
AMDEPBACKSLASH='\'
AMDEP_FALSE='#'
AMDEP_TRUE=''
AMTAR='${SHELL} /Users/ruansheng/ClionProjects/zok/zok/missing --run tar'
AUTOCONF='${SHELL} /Users/ruansheng/ClionProjects/zok/zok/missing --run autoconf'
AUTOHEADER='${SHELL} /Users/ruansheng/ClionProjects/zok/zok/missing --run autoheader'
AUTOMAKE='${SHELL} /Users/ruansheng/ClionProjects/zok/zok/missing --run automake-1.11'
AWK='awk'
CC='gcc'
CCDEPMODE='depmode=gcc3'
CFLAGS='-g -O2'
CPPFLAGS=''
CYGPATH_W='echo'
DEFS='-DPACKAGE_NAME=\"zok.c\" -DPACKAGE_TARNAME=\"zok-c\" -DPACKAGE_VERSION=\"1.0\" -DPACKAGE_STRING=\"zok.c\ 1.0\" -DPACKAGE_BUGREPORT=\"\" -DPACKAGE_URL=\"\" -DPACKAGE=\"zok-server\" -DVERSION=\"1.0\"'
DEPDIR='.deps'
ECHO_C='\c'
ECHO_N=''
ECHO_T=''
EXEEXT=''
INSTALL_DATA='${INSTALL} -m 644'
INSTALL_PROGRAM='${INSTALL}'
INSTALL_SCRIPT='${INSTALL}'
INSTALL_STRIP_PROGRAM='$(install_sh) -c -s'
LDFLAGS=''
LIBOBJS=''
LIBS=''
LTLIBOBJS=''
MAKEINFO='${SHELL} /Users/ruansheng/ClionProjects/zok/zok/missing --run makeinfo'
MKDIR_P='./install-sh -c -d'
OBJEXT='o'
PACKAGE='zok-server'
PACKAGE_BUGREPORT=''
PACKAGE_NAME='zok.c'
PACKAGE_STRING='zok.c 1.0'
PACKAGE_TARNAME='zok-c'
PACKAGE_URL=''
PACKAGE_VERSION='1.0'
PATH_SEPARATOR=':'
SET_MAKE=''
SHELL='/bin/sh'
STRIP=''
VERSION='1.0'
ac_ct_CC='gcc'
am__EXEEXT_FALSE=''
am__EXEEXT_TRUE='#'
am__fastdepCC_FALSE='#'
am__fastdepCC_TRUE=''
am__include='include'
am__isrc=''
am__leading_dot='.'
am__quote=''
am__tar='${AMTAR} chof - "$$tardir"'
am__untar='${AMTAR} xf -'
bindir='${exec_prefix}/bin'
build_alias=''
datadir='${datarootdir}'
datarootdir='${prefix}/share'
docdir='${datarootdir}/doc/${PACKAGE_TARNAME}'
dvidir='${docdir}'
exec_prefix='${prefix}'
host_alias=''
htmldir='${docdir}'
includedir='${prefix}/include'
infodir='${datarootdir}/info'
install_sh='${SHELL} /Users/ruansheng/ClionProjects/zok/zok/install-sh'
libdir='${exec_prefix}/lib'
libexecdir='${exec_prefix}/libexec'
localedir='${datarootdir}/locale'
localstatedir='${prefix}/var'
mandir='${datarootdir}/man'
mkdir_p='$(top_builddir)/./install-sh -c -d'
oldincludedir='/usr/include'
pdfdir='${docdir}'
prefix='/usr/local'
program_transform_name='s,x,x,'
psdir='${docdir}'
sbindir='${exec_prefix}/sbin'
sharedstatedir='${prefix}/com'
sysconfdir='${prefix}/etc'
target_alias=''

## ----------- ##
## confdefs.h. ##
## ----------- ##

/* confdefs.h */
#define PACKAGE_NAME "zok.c"
#define PACKAGE_TARNAME "zok-c"
#define PACKAGE_VERSION "1.0"
#define PACKAGE_STRING "zok.c 1.0"
#define PACKAGE_BUGREPORT ""
#define PACKAGE_URL ""
#define PACKAGE "zok-server"
#define VERSION "1.0"

configure: exit 0
